mode: set
twilux/business/comments/usecase.go:14.103,19.2 1 1
twilux/business/comments/usecase.go:21.91,22.28 1 1
twilux/business/comments/usecase.go:25.2,25.26 1 1
twilux/business/comments/usecase.go:29.2,31.18 2 1
twilux/business/comments/usecase.go:34.2,34.19 1 1
twilux/business/comments/usecase.go:22.28,24.3 1 1
twilux/business/comments/usecase.go:25.26,27.3 1 1
twilux/business/comments/usecase.go:31.18,33.3 1 0
twilux/business/comments/usecase.go:37.96,40.18 2 1
twilux/business/comments/usecase.go:43.2,43.20 1 1
twilux/business/comments/usecase.go:40.18,42.3 1 0
twilux/business/comments/usecase.go:46.99,49.18 2 1
twilux/business/comments/usecase.go:52.2,52.20 1 1
twilux/business/comments/usecase.go:49.18,51.3 1 0
twilux/business/comments/usecase.go:55.91,56.21 1 1
twilux/business/comments/usecase.go:60.2,62.18 2 1
twilux/business/comments/usecase.go:65.2,65.21 1 1
twilux/business/comments/usecase.go:56.21,58.3 1 1
twilux/business/comments/usecase.go:62.18,64.3 1 0
twilux/business/comments/usecase.go:69.91,70.21 1 1
twilux/business/comments/usecase.go:74.2,76.18 2 1
twilux/business/comments/usecase.go:79.2,79.19 1 1
twilux/business/comments/usecase.go:70.21,72.3 1 1
twilux/business/comments/usecase.go:76.18,78.3 1 0
twilux/business/snippets/usecase.go:14.105,19.2 1 1
twilux/business/snippets/usecase.go:21.91,22.24 1 1
twilux/business/snippets/usecase.go:25.2,25.26 1 1
twilux/business/snippets/usecase.go:28.2,30.18 2 1
twilux/business/snippets/usecase.go:33.2,33.21 1 1
twilux/business/snippets/usecase.go:22.24,24.3 1 1
twilux/business/snippets/usecase.go:25.26,27.3 1 1
twilux/business/snippets/usecase.go:30.18,32.3 1 0
twilux/business/snippets/usecase.go:36.78,39.18 2 1
twilux/business/snippets/usecase.go:42.2,42.22 1 1
twilux/business/snippets/usecase.go:39.18,41.3 1 0
twilux/business/snippets/usecase.go:45.95,48.18 2 1
twilux/business/snippets/usecase.go:51.2,51.21 1 1
twilux/business/snippets/usecase.go:48.18,50.3 1 0
twilux/business/snippets/usecase.go:55.91,58.18 2 1
twilux/business/snippets/usecase.go:61.2,61.21 1 1
twilux/business/snippets/usecase.go:58.18,60.3 1 0
twilux/business/snippets/usecase.go:65.91,66.21 1 1
twilux/business/snippets/usecase.go:70.2,72.18 2 1
twilux/business/snippets/usecase.go:75.2,75.21 1 1
twilux/business/snippets/usecase.go:66.21,68.3 1 1
twilux/business/snippets/usecase.go:72.18,74.3 1 0
twilux/business/saved/usecase.go:14.99,19.2 1 1
twilux/business/saved/usecase.go:21.89,22.28 1 1
twilux/business/saved/usecase.go:25.2,27.18 2 1
twilux/business/saved/usecase.go:30.2,30.19 1 1
twilux/business/saved/usecase.go:22.28,24.3 1 1
twilux/business/saved/usecase.go:27.18,29.3 1 0
twilux/business/saved/usecase.go:33.93,36.18 2 1
twilux/business/saved/usecase.go:39.2,39.20 1 1
twilux/business/saved/usecase.go:36.18,38.3 1 0
twilux/business/saved/usecase.go:43.89,44.28 1 1
twilux/business/saved/usecase.go:48.2,50.18 2 1
twilux/business/saved/usecase.go:53.2,53.19 1 1
twilux/business/saved/usecase.go:44.28,46.3 1 1
twilux/business/saved/usecase.go:50.18,52.3 1 0
twilux/business/users/usecase.go:24.129,30.2 1 1
twilux/business/users/usecase.go:32.87,33.24 1 1
twilux/business/users/usecase.go:36.2,36.27 1 1
twilux/business/users/usecase.go:40.2,41.16 2 1
twilux/business/users/usecase.go:45.2,45.63 1 1
twilux/business/users/usecase.go:49.2,50.16 2 1
twilux/business/users/usecase.go:53.2,53.18 1 1
twilux/business/users/usecase.go:33.24,35.3 1 1
twilux/business/users/usecase.go:36.27,38.3 1 1
twilux/business/users/usecase.go:41.16,43.3 1 0
twilux/business/users/usecase.go:45.63,47.3 1 1
twilux/business/users/usecase.go:50.16,52.3 1 0
twilux/business/users/usecase.go:57.90,58.24 1 1
twilux/business/users/usecase.go:61.2,61.27 1 1
twilux/business/users/usecase.go:64.2,64.27 1 1
twilux/business/users/usecase.go:68.2,72.39 4 1
twilux/business/users/usecase.go:76.2,79.16 3 1
twilux/business/users/usecase.go:82.2,82.18 1 1
twilux/business/users/usecase.go:58.24,60.3 1 1
twilux/business/users/usecase.go:61.27,63.3 1 1
twilux/business/users/usecase.go:64.27,66.3 1 1
twilux/business/users/usecase.go:72.39,74.3 1 1
twilux/business/users/usecase.go:79.16,81.3 1 0
